<?xml version="1.0" encoding="UTF-8"?>
<coverage generated="1558929726188" clover="3.2.0">
  <project timestamp="1558929726188" name="All files">
    <metrics statements="4" coveredstatements="2" conditionals="2" coveredconditionals="1" methods="3" coveredmethods="2" elements="9" coveredelements="5" complexity="0" loc="4" ncloc="4" packages="1" files="1" classes="1"/>
    <file name="FizzBuzz.js" path="/Users/telliex/Desktop/tdd/FizzBuzz.js">
      <metrics statements="4" coveredstatements="2" conditionals="2" coveredconditionals="1" methods="3" coveredmethods="2"/>
      <line num="19" count="1" type="cond" truecount="1" falsecount="1"/>
      <line num="20" count="1" type="stmt"/>
      <line num="28" count="0" type="stmt"/>
      <line num="47" count="0" type="stmt"/>
    </file>
  </project>
</coverage>
